1713119557297	geckodriver	INFO	Listening on 127.0.0.1:65365
1713119560418	mozrunner::runner	INFO	Running command: "C:\\Program Files\\Mozilla Firefox\\firefox.exe" "--marionette" "--remote-debugging-port" "65366" "--remote-allow-hosts" "localhost" "-no-remote" "-profile" "C:\\Users\\david\\AppData\\Local\\Temp\\rust_mozprofile4eMhOP"
console.warn: services.settings: Ignoring preference override of remote settings server
console.warn: services.settings: Allow by setting MOZ_REMOTE_SETTINGS_DEVTOOLS=1 in the environment
1713119561272	Marionette	INFO	Marionette enabled
Dynamically enable window occlusion 0
1713119561400	Marionette	INFO	Listening on port 65382
WebDriver BiDi listening on ws://127.0.0.1:65366
Read port: 65382
1713119561626	RemoteAgent	WARN	TLS certificate errors will be ignored for this session
DevTools listening on ws://127.0.0.1:65366/devtools/browser/ccc9330d-71a3-40ca-85f8-5267f4d41eac
1713119585379	Marionette	WARN	Ignoring event 'pageshow' because document has an invalid readyState of 'uninitialized'.
1713119586799	Marionette	WARN	Ignoring event 'pageshow' because document has an invalid readyState of 'uninitialized'.
1713119588471	Marionette	WARN	Ignoring event 'pageshow' because document has an invalid readyState of 'uninitialized'.
1713119591352	addons.xpi	ERROR	System addon update list error SyntaxError: XMLHttpRequest.open: 'http://%(server)s/dummy-system-addons.xml' is not a valid URL.
JavaScript warning: https://pagead2.googlesyndication.com/bg/L0LConaBzCc577BZGNgzP3bg87fF5vhB9-a07M4Tw6o.js line 2 > eval line 6866 > eval line 1 > eval line 1 > eval, line 1: WEBGL_debug_renderer_info is deprecated in Firefox and will be removed. Please use RENDERER.
1713119594809	Marionette	INFO	Stopped listening on port 65382
JavaScript warning: https://www.gstatic.com/recaptcha/releases/rz4DvU-cY2JYCwHSTck0_qm-/recaptcha__en.js, line 1020: Script terminated by timeout at:
@https://www.gstatic.com/recaptcha/releases/rz4DvU-cY2JYCwHSTck0_qm-/recaptcha__en.js:1020:471

Dynamically enable window occlusion 1
JavaScript error: , line 0: TypeError: NetworkError when attempting to fetch resource.
JavaScript error: , line 0: TypeError: NetworkError when attempting to fetch resource.
console.warn: services.settings: main/sites-classification sync interrupted by shutdown
console.warn: services.settings: main/anti-tracking-url-decoration sync interrupted by shutdown
console.warn: services.settings: main/search-telemetry-v2 sync interrupted by shutdown
console.warn: services.settings: main/hijack-blocklists sync interrupted by shutdown
console.warn: services.settings: main/pioneer-study-addons-v1 sync interrupted by shutdown
console.error: (new AbortError("IndexedDB: main/whats-new-panel getLastModified() IndexedDB:  execute() A request was aborted, for example through a call to IDBTransaction.abort.", "resource://services-settings/IDBHelpers.sys.mjs", 16))
