1713119764728	geckodriver	INFO	Listening on 127.0.0.1:59483
1713119767775	mozrunner::runner	INFO	Running command: "C:\\Program Files\\Mozilla Firefox\\firefox.exe" "--marionette" "--remote-debugging-port" "59484" "--remote-allow-hosts" "localhost" "-no-remote" "-profile" "C:\\Users\\david\\AppData\\Local\\Temp\\rust_mozprofile3U0wzH"
console.warn: services.settings: Ignoring preference override of remote settings server
console.warn: services.settings: Allow by setting MOZ_REMOTE_SETTINGS_DEVTOOLS=1 in the environment
1713119768204	Marionette	INFO	Marionette enabled
Dynamically enable window occlusion 0
1713119768287	Marionette	INFO	Listening on port 59492
WebDriver BiDi listening on ws://127.0.0.1:59484
Read port: 59492
1713119768522	RemoteAgent	WARN	TLS certificate errors will be ignored for this session
DevTools listening on ws://127.0.0.1:59484/devtools/browser/18d808a5-0f3e-404d-aabd-495abf9426a0
1713119798408	addons.xpi	ERROR	System addon update list error SyntaxError: XMLHttpRequest.open: 'http://%(server)s/dummy-system-addons.xml' is not a valid URL.
1713119799615	Marionette	WARN	Ignoring event 'pageshow' because document has an invalid readyState of 'uninitialized'.
1713119801032	Marionette	WARN	Ignoring event 'pageshow' because document has an invalid readyState of 'uninitialized'.
1713119808819	Marionette	WARN	Ignoring event 'pageshow' because document has an invalid readyState of 'uninitialized'.
JavaScript warning: https://static.chartbeat.com/js/chartbeat.js, line 22: Script terminated by timeout at:
jb@https://static.chartbeat.com/js/chartbeat.js:22:93
X.prototype.ya@https://static.chartbeat.com/js/chartbeat.js:62:142
r/<@https://static.chartbeat.com/js/chartbeat.js:8:431

1713119874032	Marionette	INFO	Stopped listening on port 59492
Dynamically enable window occlusion 1
JavaScript error: , line 0: TypeError: NetworkError when attempting to fetch resource.
JavaScript error: , line 0: TypeError: NetworkError when attempting to fetch resource.
