1713120998509	geckodriver	INFO	Listening on 127.0.0.1:51504
1713121001573	mozrunner::runner	INFO	Running command: "C:\\Program Files\\Mozilla Firefox\\firefox.exe" "--marionette" "--remote-debugging-port" "51505" "--remote-allow-hosts" "localhost" "-no-remote" "-profile" "C:\\Users\\david\\AppData\\Local\\Temp\\rust_mozprofile2Z3dXu"
console.warn: services.settings: Ignoring preference override of remote settings server
console.warn: services.settings: Allow by setting MOZ_REMOTE_SETTINGS_DEVTOOLS=1 in the environment
1713121001937	Marionette	INFO	Marionette enabled
Dynamically enable window occlusion 0
1713121002016	Marionette	INFO	Listening on port 51514
WebDriver BiDi listening on ws://127.0.0.1:51505
Read port: 51514
1713121002243	RemoteAgent	WARN	TLS certificate errors will be ignored for this session
DevTools listening on ws://127.0.0.1:51505/devtools/browser/b79e4f85-4230-40d1-be6c-4b0c5a0255d9
1713121017134	Marionette	WARN	Ignoring event 'pageshow' because document has an invalid readyState of 'uninitialized'.
1713121018909	Marionette	WARN	Ignoring event 'pageshow' because document has an invalid readyState of 'uninitialized'.
1713121021186	Marionette	WARN	Ignoring event 'pageshow' because document has an invalid readyState of 'uninitialized'.
1713121022468	Marionette	WARN	Ignoring event 'pageshow' because document has an invalid readyState of 'uninitialized'.
1713121032372	addons.xpi	ERROR	System addon update list error SyntaxError: XMLHttpRequest.open: 'http://%(server)s/dummy-system-addons.xml' is not a valid URL.
1713121037235	Marionette	WARN	Ignoring event 'pageshow' because document has an invalid readyState of 'uninitialized'.
1713121106471	Marionette	WARN	Ignoring event 'pageshow' because document has an invalid readyState of 'uninitialized'.
JavaScript warning: https://pagead2.googlesyndication.com/bg/L0LConaBzCc577BZGNgzP3bg87fF5vhB9-a07M4Tw6o.js line 2 > eval line 4591 > eval line 1 > eval line 1 > eval, line 1: WEBGL_debug_renderer_info is deprecated in Firefox and will be removed. Please use RENDERER.
SourceActor threw an exception: [Exception... "Failed to open input source 'chrome://global/content/neterror/aboutNetErrorCodes.js'"  nsresult: "0x805303f4 (<unknown>)"  location: "JS frame :: resource://devtools/shared/DevToolsUtils.js :: mainThreadFetch/< :: line 711"  data: yes]
Stack: mainThreadFetch/<@resource://devtools/shared/DevToolsUtils.js:711:15
mainThreadFetch@resource://devtools/shared/DevToolsUtils.js:558:10
_fetchURLContents@resource://devtools/server/actors/utils/sources-manager.js:460:22
urlContents@resource://devtools/server/actors/utils/sources-manager.js:424:17
_resurrectSource@resource://devtools/server/actors/thread.js:2197:33
addAllSources@resource://devtools/server/actors/thread.js:1518:14
watch@resource://devtools/server/actors/resources/sources.js:81:17
watchResources@resource://devtools/server/actors/resources/index.js:340:15
addOrSetSessionDataEntry@resource://devtools/server/actors/targets/session-data-processors/resources.js:19:21
addOrSetSessionDataEntry@resource://devtools/server/actors/targets/base-target-actor.js:54:23
_addOrSetSessionDataEntry@resource://devtools/server/connectors/js-window-actor/DevToolsFrameChild.sys.mjs:540:24
receiveMessage@resource://devtools/server/connectors/js-window-actor/DevToolsFrameChild.sys.mjs:442:21
Line: 711, column: 0
console.error: ({})
JavaScript error: resource://devtools/shared/DevToolsUtils.js, line 711: Failed to open input source 'chrome://global/content/neterror/aboutNetErrorCodes.js'
JavaScript error: resource://devtools/server/actors/utils/sources-manager.js, line 446: TypeError: channel is null
JavaScript error: resource://devtools/server/actors/utils/sources-manager.js, line 446: TypeError: channel is null
